<?xml version="1.0" encoding="UTF-8"?>
<!-- Generated by org.testng.reporters.JUnitReportReporter -->
<testsuite skipped="0" hostname="Marii-PC" name="org.test.Test2" tests="2" failures="0" timestamp="27 Apr 2021 10:34:28 GMT" time="31.135" errors="0">
  <testcase name="tc0" time="20.367" classname="org.test.Test2"/>
  <testcase name="tc0" time="10.768" classname="org.test.Test2"/>
</testsuite> <!-- org.test.Test2 -->
