<?xml version="1.0" encoding="UTF-8"?>
<!-- Generated by org.testng.reporters.JUnitReportReporter -->
<testsuite skipped="0" hostname="Marii-PC" name="org.testeng.Sample" tests="1" failures="0" timestamp="26 Apr 2021 12:12:04 GMT" time="0.017" errors="0">
  <testcase name="tc0" time="0.017" classname="org.testeng.Sample"/>
</testsuite> <!-- org.testeng.Sample -->
