<?xml version="1.0" encoding="UTF-8"?>
<!-- Generated by org.testng.reporters.JUnitReportReporter -->
<testsuite skipped="0" hostname="Marii-PC" name="org.grouptestng.Sample" tests="5" failures="0" timestamp="29 Apr 2021 09:40:44 GMT" time="0.215" errors="0">
  <testcase name="tc5" time="0.053" classname="org.grouptestng.Sample"/>
  <testcase name="tc1" time="0.033" classname="org.grouptestng.Sample"/>
  <testcase name="tc3" time="0.050" classname="org.grouptestng.Sample"/>
  <testcase name="tc2" time="0.032" classname="org.grouptestng.Sample"/>
  <testcase name="tc4" time="0.047" classname="org.grouptestng.Sample"/>
</testsuite> <!-- org.grouptestng.Sample -->
