<?xml version="1.0" encoding="UTF-8"?>
<!-- Generated by org.testng.reporters.JUnitReportReporter -->
<testsuite skipped="0" hostname="Marii-PC" name="org.testreport.Test1" tests="2" failures="0" timestamp="01 May 2021 07:54:34 GMT" time="3.261" errors="0">
  <testcase name="tc0" time="1.789" classname="org.testreport.Test1"/>
  <testcase name="tc1" time="1.472" classname="org.testreport.Test1"/>
</testsuite> <!-- org.testreport.Test1 -->
