<?xml version="1.0" encoding="UTF-8"?>
<!-- Generated by org.testng.reporters.JUnitReportReporter -->
<testsuite skipped="0" hostname="Marii-PC" name="org.test.Test3" tests="1" failures="0" timestamp="27 Apr 2021 09:35:54 GMT" time="0.000" errors="0">
  <testcase name="tc7" time="0.000" classname="org.test.Test3"/>
</testsuite> <!-- org.test.Test3 -->
