<?xml version="1.0" encoding="UTF-8"?>
<!-- Generated by org.testng.reporters.JUnitReportReporter -->
<testsuite skipped="0" hostname="Marii-PC" name="org.test.Test1" tests="1" failures="0" timestamp="27 Apr 2021 10:29:32 GMT" time="0.792" errors="0">
  <testcase name="tc0" time="0.792" classname="org.test.Test1"/>
</testsuite> <!-- org.test.Test1 -->
